<?xml version="1.0" encoding="UTF-8"?>
<!-- Generated by org.testng.reporters.JUnitXMLReporter -->
<testsuite ignored="2" hostname="Danespc" failures="0" tests="21" name="JsonPlaceHolderSample API Tests" time="10.97" errors="0" timestamp="2026-03-30T01:38:54 IST">
  <testcase classname="com.apiframework.tests.UserApiTest" name="testGetAllPosts" time="2.393"/>
  <testcase classname="com.apiframework.tests.UserApiTest" name="testGetSingePost" time="0.398"/>
  <testcase classname="com.apiframework.tests.UserApiTest" name="testCreatePost" time="0.923"/>
  <testcase classname="com.apiframework.tests.UserApiTest" name="testUpdatePostPut" time="0.795"/>
  <testcase classname="com.apiframework.tests.UserApiTest" name="testUpdatePostPatch" time="0.287"/>
  <testcase classname="com.apiframework.tests.UserApiTest" name="testDeletePost" time="0.29"/>
  <testcase classname="com.apiframework.tests.UserApiTest" name="testGetExistentPost" time="0.059"/>
  <testcase classname="com.apiframework.tests.UserApiTest" name="testGetPostByUser" time="0.087"/>
  <testcase classname="com.apiframework.tests.DataDrivenTest" name="testCreatePostWithDataProvider" time="0.321"/>
  <testcase classname="com.apiframework.tests.DataDrivenTest" name="testCreatePostWithDataProvider" time="0.325"/>
  <testcase classname="com.apiframework.tests.DataDrivenTest" name="testCreatePostWithDataProvider" time="0.309"/>
  <testcase classname="com.apiframework.tests.DataDrivenTest" name="testCreatePostFromExcel" time="0.32"/>
  <testcase classname="com.apiframework.tests.DataDrivenTest" name="testCreatePostFromExcel" time="0.295"/>
  <testcase classname="com.apiframework.tests.DataDrivenTest" name="testCreatePostFromExcel" time="0.287"/>
  <testcase classname="com.apiframework.tests.AuthTest" name="testLoginAndGetToken" time="1.463"/>
  <testcase classname="com.apiframework.tests.AuthTest" name="testBearerTokenAccess" time="0.851"/>
  <testcase classname="com.apiframework.tests.AuthTest" name="testTokenCaching" time="0.004"/>
  <testcase classname="com.apiframework.tests.AuthTest" name="testBasicAuthHeaderStructure" time="0.004"/>
  <testcase classname="com.apiframework.tests.AuthTest" name="testApiKeyInHeader" time="0.09"/>
  <testcase classname="com.apiframework.tests.AuthTest" name="testApiKeyInQueryParam" time="0.307"/>
  <testcase classname="com.apiframework.tests.AuthTest" name="testInvalidCredentials" time="0.348"/>
  <testcase classname="com.apiframework.base.BaseTest" name="@BeforeSuite setUp" time="0.0">
    <ignored/>
  </testcase> <!-- @BeforeSuite setUp -->
  <testcase classname="com.apiframework.base.BaseTest" name="@BeforeSuite setUp" time="0.0">
    <ignored/>
  </testcase> <!-- @BeforeSuite setUp -->
</testsuite> <!-- JsonPlaceHolderSample API Tests -->
