<?xml version="1.0" encoding="UTF-8"?>
<!-- Generated by org.testng.reporters.JUnitXMLReporter -->
<testsuite ignored="0" hostname="Danespc" failures="0" tests="8" name="ReqRes API Tests" time="5.367" errors="0" timestamp="2026-03-29T23:41:28 IST">
  <testcase classname="com.apiframework.tests.UserApiTest" name="testGetAllPosts" time="2.324"/>
  <testcase classname="com.apiframework.tests.UserApiTest" name="testGetSingePost" time="0.434"/>
  <testcase classname="com.apiframework.tests.UserApiTest" name="testCreatePost" time="1.004"/>
  <testcase classname="com.apiframework.tests.UserApiTest" name="testUpdatePostPut" time="0.756"/>
  <testcase classname="com.apiframework.tests.UserApiTest" name="testUpdatePostPatch" time="0.293"/>
  <testcase classname="com.apiframework.tests.UserApiTest" name="testDeletePost" time="0.272"/>
  <testcase classname="com.apiframework.tests.UserApiTest" name="testGetExistentPost" time="0.061"/>
  <testcase classname="com.apiframework.tests.UserApiTest" name="testGetPostByUser" time="0.085"/>
</testsuite> <!-- ReqRes API Tests -->
