<?xml version="1.0" encoding="UTF-8"?>
<!-- Generated by org.testng.reporters.JUnitXMLReporter -->
<testsuite ignored="4" hostname="Danespc" failures="0" tests="21" name="JsonPlaceHolderSample API Tests" time="14.249" errors="0" timestamp="2026-03-30T03:08:36 IST">
  <testcase classname="com.apiframework.tests.UserApiTest" name="testGetAllPosts" time="4.12"/>
  <testcase classname="com.apiframework.tests.UserApiTest" name="testGetSingePost" time="0.844"/>
  <testcase classname="com.apiframework.tests.UserApiTest" name="testCreatePost" time="1.179"/>
  <testcase classname="com.apiframework.tests.UserApiTest" name="testUpdatePostPut" time="0.838"/>
  <testcase classname="com.apiframework.tests.UserApiTest" name="testUpdatePostPatch" time="0.309"/>
  <testcase classname="com.apiframework.tests.UserApiTest" name="testDeletePost" time="0.275"/>
  <testcase classname="com.apiframework.tests.UserApiTest" name="testGetExistentPost" time="0.067"/>
  <testcase classname="com.apiframework.tests.UserApiTest" name="testGetPostByUser" time="0.077"/>
  <testcase classname="com.apiframework.tests.DataDrivenTest" name="testCreatePostWithDataProvider" time="0.336"/>
  <testcase classname="com.apiframework.tests.DataDrivenTest" name="testCreatePostWithDataProvider" time="0.315"/>
  <testcase classname="com.apiframework.tests.DataDrivenTest" name="testCreatePostWithDataProvider" time="0.324"/>
  <testcase classname="com.apiframework.tests.DataDrivenTest" name="testCreatePostFromExcel" time="0.319"/>
  <testcase classname="com.apiframework.tests.DataDrivenTest" name="testCreatePostFromExcel" time="0.332"/>
  <testcase classname="com.apiframework.tests.DataDrivenTest" name="testCreatePostFromExcel" time="0.297"/>
  <testcase classname="com.apiframework.tests.AuthTest" name="testLoginAndGetToken" time="1.34"/>
  <testcase classname="com.apiframework.tests.AuthTest" name="testBearerTokenAccess" time="0.95"/>
  <testcase classname="com.apiframework.tests.AuthTest" name="testTokenCaching" time="0.004"/>
  <testcase classname="com.apiframework.tests.AuthTest" name="testBasicAuthHeaderStructure" time="0.006"/>
  <testcase classname="com.apiframework.tests.AuthTest" name="testApiKeyInHeader" time="0.101"/>
  <testcase classname="com.apiframework.tests.AuthTest" name="testApiKeyInQueryParam" time="0.111"/>
  <testcase classname="com.apiframework.tests.AuthTest" name="testInvalidCredentials" time="0.37"/>
  <testcase classname="com.apiframework.base.BaseTest" name="@BeforeSuite setUp" time="0.0">
    <ignored/>
  </testcase> <!-- @BeforeSuite setUp -->
  <testcase classname="com.apiframework.base.BaseTest" name="@AfterSuite tearDown" time="0.0">
    <ignored/>
  </testcase> <!-- @AfterSuite tearDown -->
  <testcase classname="com.apiframework.base.BaseTest" name="@BeforeSuite setUp" time="0.0">
    <ignored/>
  </testcase> <!-- @BeforeSuite setUp -->
  <testcase classname="com.apiframework.base.BaseTest" name="@AfterSuite tearDown" time="0.0">
    <ignored/>
  </testcase> <!-- @AfterSuite tearDown -->
</testsuite> <!-- JsonPlaceHolderSample API Tests -->
