<?xml version="1.0" encoding="UTF-8"?>
<testng-results ignored="0" total="21" passed="21" failed="0" skipped="0">
  <reporter-output>
  </reporter-output>
  <suite started-at="2026-03-30T03:08:22 IST" name="API Automation Suite" finished-at="2026-03-30T03:08:36 IST" duration-ms="14249">
    <groups>
    </groups>
    <test started-at="2026-03-30T03:08:22 IST" name="JsonPlaceHolderSample API Tests" finished-at="2026-03-30T03:08:36 IST" duration-ms="14249">
      <class name="com.apiframework.tests.DataDrivenTest">
        <test-method signature="testCreatePostWithDataProvider(int,java.lang.String,java.lang.String,int)[pri:1, instance:com.apiframework.tests.DataDrivenTest@26865482]" started-at="2026-03-30T03:08:30 IST" name="testCreatePostWithDataProvider" data-provider="createPostData" finished-at="2026-03-30T03:08:30 IST" duration-ms="336" status="PASS">
          <params>
            <param index="0">
              <value>
                <![CDATA[1]]>
              </value>
            </param>
            <param index="1">
              <value>
                <![CDATA[Java Automation Post]]>
              </value>
            </param>
            <param index="2">
              <value>
                <![CDATA[Written using RestAssured]]>
              </value>
            </param>
            <param index="3">
              <value>
                <![CDATA[201]]>
              </value>
            </param>
          </params>
          <reporter-output>
          </reporter-output>
        </test-method> <!-- testCreatePostWithDataProvider -->
        <test-method is-config="true" signature="afterMethod(org.testng.ITestResult)[pri:0, instance:com.apiframework.tests.DataDrivenTest@26865482]" started-at="2026-03-30T03:08:30 IST" name="afterMethod" finished-at="2026-03-30T03:08:30 IST" duration-ms="1" status="PASS">
          <params>
            <param index="0">
              <value>
                <![CDATA[[TestResult name=testCreatePostWithDataProvider status=SUCCESS method=DataDrivenTest.testCreatePostWithDataProvider(int,java.lang.String,java.lang.String,int)[pri:1, instance:com.apiframework.tests.DataDrivenTest@26865482] output={null}]]]>
              </value>
            </param>
          </params>
          <reporter-output>
          </reporter-output>
        </test-method> <!-- afterMethod -->
        <test-method signature="testCreatePostWithDataProvider(int,java.lang.String,java.lang.String,int)[pri:1, instance:com.apiframework.tests.DataDrivenTest@26865482]" started-at="2026-03-30T03:08:30 IST" name="testCreatePostWithDataProvider" data-provider="createPostData" finished-at="2026-03-30T03:08:31 IST" duration-ms="315" status="PASS">
          <params>
            <param index="0">
              <value>
                <![CDATA[2]]>
              </value>
            </param>
            <param index="1">
              <value>
                <![CDATA[API Testing Best Practices]]>
              </value>
            </param>
            <param index="2">
              <value>
                <![CDATA[Data driven approach]]>
              </value>
            </param>
            <param index="3">
              <value>
                <![CDATA[201]]>
              </value>
            </param>
          </params>
          <reporter-output>
          </reporter-output>
        </test-method> <!-- testCreatePostWithDataProvider -->
        <test-method is-config="true" signature="afterMethod(org.testng.ITestResult)[pri:0, instance:com.apiframework.tests.DataDrivenTest@26865482]" started-at="2026-03-30T03:08:31 IST" name="afterMethod" finished-at="2026-03-30T03:08:31 IST" duration-ms="1" status="PASS">
          <params>
            <param index="0">
              <value>
                <![CDATA[[TestResult name=testCreatePostWithDataProvider status=SUCCESS method=DataDrivenTest.testCreatePostWithDataProvider(int,java.lang.String,java.lang.String,int)[pri:1, instance:com.apiframework.tests.DataDrivenTest@26865482] output={null}]]]>
              </value>
            </param>
          </params>
          <reporter-output>
          </reporter-output>
        </test-method> <!-- afterMethod -->
        <test-method signature="testCreatePostWithDataProvider(int,java.lang.String,java.lang.String,int)[pri:1, instance:com.apiframework.tests.DataDrivenTest@26865482]" started-at="2026-03-30T03:08:31 IST" name="testCreatePostWithDataProvider" data-provider="createPostData" finished-at="2026-03-30T03:08:31 IST" duration-ms="324" status="PASS">
          <params>
            <param index="0">
              <value>
                <![CDATA[3]]>
              </value>
            </param>
            <param index="1">
              <value>
                <![CDATA[TestNG Framework Guide]]>
              </value>
            </param>
            <param index="2">
              <value>
                <![CDATA[Using DataProvider]]>
              </value>
            </param>
            <param index="3">
              <value>
                <![CDATA[201]]>
              </value>
            </param>
          </params>
          <reporter-output>
          </reporter-output>
        </test-method> <!-- testCreatePostWithDataProvider -->
        <test-method is-config="true" signature="afterMethod(org.testng.ITestResult)[pri:0, instance:com.apiframework.tests.DataDrivenTest@26865482]" started-at="2026-03-30T03:08:31 IST" name="afterMethod" finished-at="2026-03-30T03:08:31 IST" duration-ms="1" status="PASS">
          <params>
            <param index="0">
              <value>
                <![CDATA[[TestResult name=testCreatePostWithDataProvider status=SUCCESS method=DataDrivenTest.testCreatePostWithDataProvider(int,java.lang.String,java.lang.String,int)[pri:1, instance:com.apiframework.tests.DataDrivenTest@26865482] output={null}]]]>
              </value>
            </param>
          </params>
          <reporter-output>
          </reporter-output>
        </test-method> <!-- afterMethod -->
        <test-method signature="testCreatePostFromExcel(java.util.Map)[pri:2, instance:com.apiframework.tests.DataDrivenTest@26865482]" started-at="2026-03-30T03:08:32 IST" name="testCreatePostFromExcel" data-provider="createPostDataFromExcel" finished-at="2026-03-30T03:08:33 IST" duration-ms="319" status="PASS">
          <params>
            <param index="0">
              <value>
                <![CDATA[{userId=1, title=Test Post 1, body=Body content for post 1, expected_status=201}]]>
              </value>
            </param>
          </params>
          <reporter-output>
          </reporter-output>
        </test-method> <!-- testCreatePostFromExcel -->
        <test-method is-config="true" signature="afterMethod(org.testng.ITestResult)[pri:0, instance:com.apiframework.tests.DataDrivenTest@26865482]" started-at="2026-03-30T03:08:33 IST" name="afterMethod" finished-at="2026-03-30T03:08:33 IST" duration-ms="1" status="PASS">
          <params>
            <param index="0">
              <value>
                <![CDATA[[TestResult name=testCreatePostFromExcel status=SUCCESS method=DataDrivenTest.testCreatePostFromExcel(java.util.Map)[pri:2, instance:com.apiframework.tests.DataDrivenTest@26865482] output={null}]]]>
              </value>
            </param>
          </params>
          <reporter-output>
          </reporter-output>
        </test-method> <!-- afterMethod -->
        <test-method signature="testCreatePostFromExcel(java.util.Map)[pri:2, instance:com.apiframework.tests.DataDrivenTest@26865482]" started-at="2026-03-30T03:08:33 IST" name="testCreatePostFromExcel" data-provider="createPostDataFromExcel" finished-at="2026-03-30T03:08:33 IST" duration-ms="332" status="PASS">
          <params>
            <param index="0">
              <value>
                <![CDATA[{userId=2, title=Test Post 2, body=Body content for post 2, expected_status=201}]]>
              </value>
            </param>
          </params>
          <reporter-output>
          </reporter-output>
        </test-method> <!-- testCreatePostFromExcel -->
        <test-method is-config="true" signature="afterMethod(org.testng.ITestResult)[pri:0, instance:com.apiframework.tests.DataDrivenTest@26865482]" started-at="2026-03-30T03:08:33 IST" name="afterMethod" finished-at="2026-03-30T03:08:33 IST" duration-ms="1" status="PASS">
          <params>
            <param index="0">
              <value>
                <![CDATA[[TestResult name=testCreatePostFromExcel status=SUCCESS method=DataDrivenTest.testCreatePostFromExcel(java.util.Map)[pri:2, instance:com.apiframework.tests.DataDrivenTest@26865482] output={null}]]]>
              </value>
            </param>
          </params>
          <reporter-output>
          </reporter-output>
        </test-method> <!-- afterMethod -->
        <test-method signature="testCreatePostFromExcel(java.util.Map)[pri:2, instance:com.apiframework.tests.DataDrivenTest@26865482]" started-at="2026-03-30T03:08:33 IST" name="testCreatePostFromExcel" data-provider="createPostDataFromExcel" finished-at="2026-03-30T03:08:33 IST" duration-ms="297" status="PASS">
          <params>
            <param index="0">
              <value>
                <![CDATA[{userId=3, title=Test Post 3, body=Body content for post 3, expected_status=201}]]>
              </value>
            </param>
          </params>
          <reporter-output>
          </reporter-output>
        </test-method> <!-- testCreatePostFromExcel -->
        <test-method is-config="true" signature="afterMethod(org.testng.ITestResult)[pri:0, instance:com.apiframework.tests.DataDrivenTest@26865482]" started-at="2026-03-30T03:08:33 IST" name="afterMethod" finished-at="2026-03-30T03:08:33 IST" duration-ms="1" status="PASS">
          <params>
            <param index="0">
              <value>
                <![CDATA[[TestResult name=testCreatePostFromExcel status=SUCCESS method=DataDrivenTest.testCreatePostFromExcel(java.util.Map)[pri:2, instance:com.apiframework.tests.DataDrivenTest@26865482] output={null}]]]>
              </value>
            </param>
          </params>
          <reporter-output>
          </reporter-output>
        </test-method> <!-- afterMethod -->
      </class> <!-- com.apiframework.tests.DataDrivenTest -->
      <class name="com.apiframework.tests.AuthTest">
        <test-method signature="testLoginAndGetToken()[pri:1, instance:com.apiframework.tests.AuthTest@34451ed8]" started-at="2026-03-30T03:08:33 IST" name="testLoginAndGetToken" finished-at="2026-03-30T03:08:35 IST" duration-ms="1340" status="PASS">
          <reporter-output>
          </reporter-output>
        </test-method> <!-- testLoginAndGetToken -->
        <test-method is-config="true" signature="afterMethod(org.testng.ITestResult)[pri:0, instance:com.apiframework.tests.AuthTest@34451ed8]" started-at="2026-03-30T03:08:35 IST" name="afterMethod" finished-at="2026-03-30T03:08:35 IST" duration-ms="1" status="PASS">
          <params>
            <param index="0">
              <value>
                <![CDATA[[TestResult name=testLoginAndGetToken status=SUCCESS method=AuthTest.testLoginAndGetToken()[pri:1, instance:com.apiframework.tests.AuthTest@34451ed8] output={null}]]]>
              </value>
            </param>
          </params>
          <reporter-output>
          </reporter-output>
        </test-method> <!-- afterMethod -->
        <test-method signature="testBearerTokenAccess()[pri:2, instance:com.apiframework.tests.AuthTest@34451ed8]" started-at="2026-03-30T03:08:35 IST" name="testBearerTokenAccess" finished-at="2026-03-30T03:08:36 IST" duration-ms="950" status="PASS">
          <reporter-output>
          </reporter-output>
        </test-method> <!-- testBearerTokenAccess -->
        <test-method is-config="true" signature="afterMethod(org.testng.ITestResult)[pri:0, instance:com.apiframework.tests.AuthTest@34451ed8]" started-at="2026-03-30T03:08:36 IST" name="afterMethod" finished-at="2026-03-30T03:08:36 IST" duration-ms="2" status="PASS">
          <params>
            <param index="0">
              <value>
                <![CDATA[[TestResult name=testBearerTokenAccess status=SUCCESS method=AuthTest.testBearerTokenAccess()[pri:2, instance:com.apiframework.tests.AuthTest@34451ed8] output={null}]]]>
              </value>
            </param>
          </params>
          <reporter-output>
          </reporter-output>
        </test-method> <!-- afterMethod -->
        <test-method signature="testTokenCaching()[pri:3, instance:com.apiframework.tests.AuthTest@34451ed8]" started-at="2026-03-30T03:08:36 IST" name="testTokenCaching" finished-at="2026-03-30T03:08:36 IST" duration-ms="4" status="PASS">
          <reporter-output>
          </reporter-output>
        </test-method> <!-- testTokenCaching -->
        <test-method is-config="true" signature="afterMethod(org.testng.ITestResult)[pri:0, instance:com.apiframework.tests.AuthTest@34451ed8]" started-at="2026-03-30T03:08:36 IST" name="afterMethod" finished-at="2026-03-30T03:08:36 IST" duration-ms="1" status="PASS">
          <params>
            <param index="0">
              <value>
                <![CDATA[[TestResult name=testTokenCaching status=SUCCESS method=AuthTest.testTokenCaching()[pri:3, instance:com.apiframework.tests.AuthTest@34451ed8] output={null}]]]>
              </value>
            </param>
          </params>
          <reporter-output>
          </reporter-output>
        </test-method> <!-- afterMethod -->
        <test-method signature="testBasicAuthHeaderStructure()[pri:4, instance:com.apiframework.tests.AuthTest@34451ed8]" started-at="2026-03-30T03:08:36 IST" name="testBasicAuthHeaderStructure" finished-at="2026-03-30T03:08:36 IST" duration-ms="6" status="PASS">
          <reporter-output>
          </reporter-output>
        </test-method> <!-- testBasicAuthHeaderStructure -->
        <test-method is-config="true" signature="afterMethod(org.testng.ITestResult)[pri:0, instance:com.apiframework.tests.AuthTest@34451ed8]" started-at="2026-03-30T03:08:36 IST" name="afterMethod" finished-at="2026-03-30T03:08:36 IST" duration-ms="1" status="PASS">
          <params>
            <param index="0">
              <value>
                <![CDATA[[TestResult name=testBasicAuthHeaderStructure status=SUCCESS method=AuthTest.testBasicAuthHeaderStructure()[pri:4, instance:com.apiframework.tests.AuthTest@34451ed8] output={null}]]]>
              </value>
            </param>
          </params>
          <reporter-output>
          </reporter-output>
        </test-method> <!-- afterMethod -->
        <test-method signature="testApiKeyInHeader()[pri:5, instance:com.apiframework.tests.AuthTest@34451ed8]" started-at="2026-03-30T03:08:36 IST" name="testApiKeyInHeader" finished-at="2026-03-30T03:08:36 IST" duration-ms="101" status="PASS">
          <reporter-output>
          </reporter-output>
        </test-method> <!-- testApiKeyInHeader -->
        <test-method is-config="true" signature="afterMethod(org.testng.ITestResult)[pri:0, instance:com.apiframework.tests.AuthTest@34451ed8]" started-at="2026-03-30T03:08:36 IST" name="afterMethod" finished-at="2026-03-30T03:08:36 IST" duration-ms="1" status="PASS">
          <params>
            <param index="0">
              <value>
                <![CDATA[[TestResult name=testApiKeyInHeader status=SUCCESS method=AuthTest.testApiKeyInHeader()[pri:5, instance:com.apiframework.tests.AuthTest@34451ed8] output={null}]]]>
              </value>
            </param>
          </params>
          <reporter-output>
          </reporter-output>
        </test-method> <!-- afterMethod -->
        <test-method signature="testApiKeyInQueryParam()[pri:6, instance:com.apiframework.tests.AuthTest@34451ed8]" started-at="2026-03-30T03:08:36 IST" name="testApiKeyInQueryParam" finished-at="2026-03-30T03:08:36 IST" duration-ms="111" status="PASS">
          <reporter-output>
          </reporter-output>
        </test-method> <!-- testApiKeyInQueryParam -->
        <test-method is-config="true" signature="afterMethod(org.testng.ITestResult)[pri:0, instance:com.apiframework.tests.AuthTest@34451ed8]" started-at="2026-03-30T03:08:36 IST" name="afterMethod" finished-at="2026-03-30T03:08:36 IST" duration-ms="2" status="PASS">
          <params>
            <param index="0">
              <value>
                <![CDATA[[TestResult name=testApiKeyInQueryParam status=SUCCESS method=AuthTest.testApiKeyInQueryParam()[pri:6, instance:com.apiframework.tests.AuthTest@34451ed8] output={null}]]]>
              </value>
            </param>
          </params>
          <reporter-output>
          </reporter-output>
        </test-method> <!-- afterMethod -->
        <test-method signature="testInvalidCredentials()[pri:7, instance:com.apiframework.tests.AuthTest@34451ed8]" started-at="2026-03-30T03:08:36 IST" name="testInvalidCredentials" finished-at="2026-03-30T03:08:36 IST" duration-ms="370" status="PASS">
          <reporter-output>
          </reporter-output>
        </test-method> <!-- testInvalidCredentials -->
        <test-method is-config="true" signature="afterMethod(org.testng.ITestResult)[pri:0, instance:com.apiframework.tests.AuthTest@34451ed8]" started-at="2026-03-30T03:08:36 IST" name="afterMethod" finished-at="2026-03-30T03:08:36 IST" duration-ms="1" status="PASS">
          <params>
            <param index="0">
              <value>
                <![CDATA[[TestResult name=testInvalidCredentials status=SUCCESS method=AuthTest.testInvalidCredentials()[pri:7, instance:com.apiframework.tests.AuthTest@34451ed8] output={null}]]]>
              </value>
            </param>
          </params>
          <reporter-output>
          </reporter-output>
        </test-method> <!-- afterMethod -->
      </class> <!-- com.apiframework.tests.AuthTest -->
      <class name="com.apiframework.tests.UserApiTest">
        <test-method is-config="true" signature="setUp()[pri:0, instance:com.apiframework.tests.UserApiTest@65514add]" started-at="2026-03-30T03:08:20 IST" name="setUp" finished-at="2026-03-30T03:08:22 IST" duration-ms="1599" status="PASS">
          <reporter-output>
          </reporter-output>
        </test-method> <!-- setUp -->
        <test-method signature="testGetAllPosts()[pri:1, instance:com.apiframework.tests.UserApiTest@65514add]" started-at="2026-03-30T03:08:22 IST" name="testGetAllPosts" finished-at="2026-03-30T03:08:26 IST" duration-ms="4120" status="PASS">
          <reporter-output>
          </reporter-output>
        </test-method> <!-- testGetAllPosts -->
        <test-method is-config="true" signature="afterMethod(org.testng.ITestResult)[pri:0, instance:com.apiframework.tests.UserApiTest@65514add]" started-at="2026-03-30T03:08:26 IST" name="afterMethod" finished-at="2026-03-30T03:08:26 IST" duration-ms="9" status="PASS">
          <params>
            <param index="0">
              <value>
                <![CDATA[[TestResult name=testGetAllPosts status=SUCCESS method=UserApiTest.testGetAllPosts()[pri:1, instance:com.apiframework.tests.UserApiTest@65514add] output={null}]]]>
              </value>
            </param>
          </params>
          <reporter-output>
          </reporter-output>
        </test-method> <!-- afterMethod -->
        <test-method signature="testGetSingePost()[pri:2, instance:com.apiframework.tests.UserApiTest@65514add]" started-at="2026-03-30T03:08:26 IST" name="testGetSingePost" finished-at="2026-03-30T03:08:27 IST" duration-ms="844" status="PASS">
          <reporter-output>
          </reporter-output>
        </test-method> <!-- testGetSingePost -->
        <test-method is-config="true" signature="afterMethod(org.testng.ITestResult)[pri:0, instance:com.apiframework.tests.UserApiTest@65514add]" started-at="2026-03-30T03:08:27 IST" name="afterMethod" finished-at="2026-03-30T03:08:27 IST" duration-ms="3" status="PASS">
          <params>
            <param index="0">
              <value>
                <![CDATA[[TestResult name=testGetSingePost status=SUCCESS method=UserApiTest.testGetSingePost()[pri:2, instance:com.apiframework.tests.UserApiTest@65514add] output={null}]]]>
              </value>
            </param>
          </params>
          <reporter-output>
          </reporter-output>
        </test-method> <!-- afterMethod -->
        <test-method signature="testCreatePost()[pri:3, instance:com.apiframework.tests.UserApiTest@65514add]" started-at="2026-03-30T03:08:27 IST" name="testCreatePost" finished-at="2026-03-30T03:08:29 IST" duration-ms="1179" status="PASS">
          <reporter-output>
          </reporter-output>
        </test-method> <!-- testCreatePost -->
        <test-method is-config="true" signature="afterMethod(org.testng.ITestResult)[pri:0, instance:com.apiframework.tests.UserApiTest@65514add]" started-at="2026-03-30T03:08:29 IST" name="afterMethod" finished-at="2026-03-30T03:08:29 IST" duration-ms="2" status="PASS">
          <params>
            <param index="0">
              <value>
                <![CDATA[[TestResult name=testCreatePost status=SUCCESS method=UserApiTest.testCreatePost()[pri:3, instance:com.apiframework.tests.UserApiTest@65514add] output={null}]]]>
              </value>
            </param>
          </params>
          <reporter-output>
          </reporter-output>
        </test-method> <!-- afterMethod -->
        <test-method signature="testUpdatePostPut()[pri:4, instance:com.apiframework.tests.UserApiTest@65514add]" started-at="2026-03-30T03:08:29 IST" name="testUpdatePostPut" finished-at="2026-03-30T03:08:29 IST" depends-on-methods="com.apiframework.tests.UserApiTest.testCreatePost" duration-ms="838" status="PASS">
          <reporter-output>
          </reporter-output>
        </test-method> <!-- testUpdatePostPut -->
        <test-method is-config="true" signature="afterMethod(org.testng.ITestResult)[pri:0, instance:com.apiframework.tests.UserApiTest@65514add]" started-at="2026-03-30T03:08:29 IST" name="afterMethod" finished-at="2026-03-30T03:08:29 IST" duration-ms="1" status="PASS">
          <params>
            <param index="0">
              <value>
                <![CDATA[[TestResult name=testUpdatePostPut status=SUCCESS method=UserApiTest.testUpdatePostPut()[pri:4, instance:com.apiframework.tests.UserApiTest@65514add] output={null}]]]>
              </value>
            </param>
          </params>
          <reporter-output>
          </reporter-output>
        </test-method> <!-- afterMethod -->
        <test-method signature="testUpdatePostPatch()[pri:5, instance:com.apiframework.tests.UserApiTest@65514add]" started-at="2026-03-30T03:08:29 IST" name="testUpdatePostPatch" finished-at="2026-03-30T03:08:30 IST" depends-on-methods="com.apiframework.tests.UserApiTest.testCreatePost" duration-ms="309" status="PASS">
          <reporter-output>
          </reporter-output>
        </test-method> <!-- testUpdatePostPatch -->
        <test-method is-config="true" signature="afterMethod(org.testng.ITestResult)[pri:0, instance:com.apiframework.tests.UserApiTest@65514add]" started-at="2026-03-30T03:08:30 IST" name="afterMethod" finished-at="2026-03-30T03:08:30 IST" duration-ms="2" status="PASS">
          <params>
            <param index="0">
              <value>
                <![CDATA[[TestResult name=testUpdatePostPatch status=SUCCESS method=UserApiTest.testUpdatePostPatch()[pri:5, instance:com.apiframework.tests.UserApiTest@65514add] output={null}]]]>
              </value>
            </param>
          </params>
          <reporter-output>
          </reporter-output>
        </test-method> <!-- afterMethod -->
        <test-method signature="testDeletePost()[pri:6, instance:com.apiframework.tests.UserApiTest@65514add]" started-at="2026-03-30T03:08:30 IST" name="testDeletePost" finished-at="2026-03-30T03:08:30 IST" depends-on-methods="com.apiframework.tests.UserApiTest.testCreatePost" duration-ms="275" status="PASS">
          <reporter-output>
          </reporter-output>
        </test-method> <!-- testDeletePost -->
        <test-method is-config="true" signature="afterMethod(org.testng.ITestResult)[pri:0, instance:com.apiframework.tests.UserApiTest@65514add]" started-at="2026-03-30T03:08:30 IST" name="afterMethod" finished-at="2026-03-30T03:08:30 IST" duration-ms="2" status="PASS">
          <params>
            <param index="0">
              <value>
                <![CDATA[[TestResult name=testDeletePost status=SUCCESS method=UserApiTest.testDeletePost()[pri:6, instance:com.apiframework.tests.UserApiTest@65514add] output={null}]]]>
              </value>
            </param>
          </params>
          <reporter-output>
          </reporter-output>
        </test-method> <!-- afterMethod -->
        <test-method signature="testGetExistentPost()[pri:7, instance:com.apiframework.tests.UserApiTest@65514add]" started-at="2026-03-30T03:08:30 IST" name="testGetExistentPost" finished-at="2026-03-30T03:08:30 IST" duration-ms="67" status="PASS">
          <reporter-output>
          </reporter-output>
        </test-method> <!-- testGetExistentPost -->
        <test-method is-config="true" signature="afterMethod(org.testng.ITestResult)[pri:0, instance:com.apiframework.tests.UserApiTest@65514add]" started-at="2026-03-30T03:08:30 IST" name="afterMethod" finished-at="2026-03-30T03:08:30 IST" duration-ms="1" status="PASS">
          <params>
            <param index="0">
              <value>
                <![CDATA[[TestResult name=testGetExistentPost status=SUCCESS method=UserApiTest.testGetExistentPost()[pri:7, instance:com.apiframework.tests.UserApiTest@65514add] output={null}]]]>
              </value>
            </param>
          </params>
          <reporter-output>
          </reporter-output>
        </test-method> <!-- afterMethod -->
        <test-method signature="testGetPostByUser()[pri:8, instance:com.apiframework.tests.UserApiTest@65514add]" started-at="2026-03-30T03:08:30 IST" name="testGetPostByUser" finished-at="2026-03-30T03:08:30 IST" duration-ms="77" status="PASS">
          <reporter-output>
          </reporter-output>
        </test-method> <!-- testGetPostByUser -->
        <test-method is-config="true" signature="afterMethod(org.testng.ITestResult)[pri:0, instance:com.apiframework.tests.UserApiTest@65514add]" started-at="2026-03-30T03:08:30 IST" name="afterMethod" finished-at="2026-03-30T03:08:30 IST" duration-ms="2" status="PASS">
          <params>
            <param index="0">
              <value>
                <![CDATA[[TestResult name=testGetPostByUser status=SUCCESS method=UserApiTest.testGetPostByUser()[pri:8, instance:com.apiframework.tests.UserApiTest@65514add] output={null}]]]>
              </value>
            </param>
          </params>
          <reporter-output>
          </reporter-output>
        </test-method> <!-- afterMethod -->
        <test-method is-config="true" signature="tearDown()[pri:0, instance:com.apiframework.tests.UserApiTest@65514add]" started-at="2026-03-30T03:08:36 IST" name="tearDown" finished-at="2026-03-30T03:08:36 IST" duration-ms="1" status="PASS">
          <reporter-output>
          </reporter-output>
        </test-method> <!-- tearDown -->
      </class> <!-- com.apiframework.tests.UserApiTest -->
    </test> <!-- JsonPlaceHolderSample API Tests -->
  </suite> <!-- API Automation Suite -->
</testng-results>
