<?xml version="1.0" encoding="UTF-8"?>
<testng-results ignored="0" total="21" passed="21" failed="0" skipped="0">
  <reporter-output>
  </reporter-output>
  <suite started-at="2026-03-30T01:38:43 IST" name="API Automation Suite" finished-at="2026-03-30T01:38:54 IST" duration-ms="10970">
    <groups>
    </groups>
    <test started-at="2026-03-30T01:38:43 IST" name="JsonPlaceHolderSample API Tests" finished-at="2026-03-30T01:38:54 IST" duration-ms="10970">
      <class name="com.apiframework.tests.DataDrivenTest">
        <test-method signature="testCreatePostWithDataProvider(int,java.lang.String,java.lang.String,int)[pri:1, instance:com.apiframework.tests.DataDrivenTest@7caa550]" started-at="2026-03-30T01:38:49 IST" name="testCreatePostWithDataProvider" data-provider="createPostData" finished-at="2026-03-30T01:38:49 IST" duration-ms="321" status="PASS">
          <params>
            <param index="0">
              <value>
                <![CDATA[1]]>
              </value>
            </param>
            <param index="1">
              <value>
                <![CDATA[Java Automation Post]]>
              </value>
            </param>
            <param index="2">
              <value>
                <![CDATA[Written using RestAssured]]>
              </value>
            </param>
            <param index="3">
              <value>
                <![CDATA[201]]>
              </value>
            </param>
          </params>
          <reporter-output>
          </reporter-output>
        </test-method> <!-- testCreatePostWithDataProvider -->
        <test-method signature="testCreatePostWithDataProvider(int,java.lang.String,java.lang.String,int)[pri:1, instance:com.apiframework.tests.DataDrivenTest@7caa550]" started-at="2026-03-30T01:38:49 IST" name="testCreatePostWithDataProvider" data-provider="createPostData" finished-at="2026-03-30T01:38:49 IST" duration-ms="325" status="PASS">
          <params>
            <param index="0">
              <value>
                <![CDATA[2]]>
              </value>
            </param>
            <param index="1">
              <value>
                <![CDATA[API Testing Best Practices]]>
              </value>
            </param>
            <param index="2">
              <value>
                <![CDATA[Data driven approach]]>
              </value>
            </param>
            <param index="3">
              <value>
                <![CDATA[201]]>
              </value>
            </param>
          </params>
          <reporter-output>
          </reporter-output>
        </test-method> <!-- testCreatePostWithDataProvider -->
        <test-method signature="testCreatePostWithDataProvider(int,java.lang.String,java.lang.String,int)[pri:1, instance:com.apiframework.tests.DataDrivenTest@7caa550]" started-at="2026-03-30T01:38:49 IST" name="testCreatePostWithDataProvider" data-provider="createPostData" finished-at="2026-03-30T01:38:50 IST" duration-ms="309" status="PASS">
          <params>
            <param index="0">
              <value>
                <![CDATA[3]]>
              </value>
            </param>
            <param index="1">
              <value>
                <![CDATA[TestNG Framework Guide]]>
              </value>
            </param>
            <param index="2">
              <value>
                <![CDATA[Using DataProvider]]>
              </value>
            </param>
            <param index="3">
              <value>
                <![CDATA[201]]>
              </value>
            </param>
          </params>
          <reporter-output>
          </reporter-output>
        </test-method> <!-- testCreatePostWithDataProvider -->
        <test-method signature="testCreatePostFromExcel(java.util.Map)[pri:2, instance:com.apiframework.tests.DataDrivenTest@7caa550]" started-at="2026-03-30T01:38:50 IST" name="testCreatePostFromExcel" data-provider="createPostDataFromExcel" finished-at="2026-03-30T01:38:51 IST" duration-ms="320" status="PASS">
          <params>
            <param index="0">
              <value>
                <![CDATA[{userId=1, title=Test Post 1, body=Body content for post 1, expected_status=201}]]>
              </value>
            </param>
          </params>
          <reporter-output>
          </reporter-output>
        </test-method> <!-- testCreatePostFromExcel -->
        <test-method signature="testCreatePostFromExcel(java.util.Map)[pri:2, instance:com.apiframework.tests.DataDrivenTest@7caa550]" started-at="2026-03-30T01:38:51 IST" name="testCreatePostFromExcel" data-provider="createPostDataFromExcel" finished-at="2026-03-30T01:38:51 IST" duration-ms="295" status="PASS">
          <params>
            <param index="0">
              <value>
                <![CDATA[{userId=2, title=Test Post 2, body=Body content for post 2, expected_status=201}]]>
              </value>
            </param>
          </params>
          <reporter-output>
          </reporter-output>
        </test-method> <!-- testCreatePostFromExcel -->
        <test-method signature="testCreatePostFromExcel(java.util.Map)[pri:2, instance:com.apiframework.tests.DataDrivenTest@7caa550]" started-at="2026-03-30T01:38:51 IST" name="testCreatePostFromExcel" data-provider="createPostDataFromExcel" finished-at="2026-03-30T01:38:51 IST" duration-ms="287" status="PASS">
          <params>
            <param index="0">
              <value>
                <![CDATA[{userId=3, title=Test Post 3, body=Body content for post 3, expected_status=201}]]>
              </value>
            </param>
          </params>
          <reporter-output>
          </reporter-output>
        </test-method> <!-- testCreatePostFromExcel -->
      </class> <!-- com.apiframework.tests.DataDrivenTest -->
      <class name="com.apiframework.tests.AuthTest">
        <test-method signature="testLoginAndGetToken()[pri:1, instance:com.apiframework.tests.AuthTest@21694e53]" started-at="2026-03-30T01:38:51 IST" name="testLoginAndGetToken" finished-at="2026-03-30T01:38:53 IST" duration-ms="1463" status="PASS">
          <reporter-output>
          </reporter-output>
        </test-method> <!-- testLoginAndGetToken -->
        <test-method signature="testBearerTokenAccess()[pri:2, instance:com.apiframework.tests.AuthTest@21694e53]" started-at="2026-03-30T01:38:53 IST" name="testBearerTokenAccess" finished-at="2026-03-30T01:38:54 IST" duration-ms="851" status="PASS">
          <reporter-output>
          </reporter-output>
        </test-method> <!-- testBearerTokenAccess -->
        <test-method signature="testTokenCaching()[pri:3, instance:com.apiframework.tests.AuthTest@21694e53]" started-at="2026-03-30T01:38:54 IST" name="testTokenCaching" finished-at="2026-03-30T01:38:54 IST" duration-ms="4" status="PASS">
          <reporter-output>
          </reporter-output>
        </test-method> <!-- testTokenCaching -->
        <test-method signature="testBasicAuthHeaderStructure()[pri:4, instance:com.apiframework.tests.AuthTest@21694e53]" started-at="2026-03-30T01:38:54 IST" name="testBasicAuthHeaderStructure" finished-at="2026-03-30T01:38:54 IST" duration-ms="4" status="PASS">
          <reporter-output>
          </reporter-output>
        </test-method> <!-- testBasicAuthHeaderStructure -->
        <test-method signature="testApiKeyInHeader()[pri:5, instance:com.apiframework.tests.AuthTest@21694e53]" started-at="2026-03-30T01:38:54 IST" name="testApiKeyInHeader" finished-at="2026-03-30T01:38:54 IST" duration-ms="90" status="PASS">
          <reporter-output>
          </reporter-output>
        </test-method> <!-- testApiKeyInHeader -->
        <test-method signature="testApiKeyInQueryParam()[pri:6, instance:com.apiframework.tests.AuthTest@21694e53]" started-at="2026-03-30T01:38:54 IST" name="testApiKeyInQueryParam" finished-at="2026-03-30T01:38:54 IST" duration-ms="307" status="PASS">
          <reporter-output>
          </reporter-output>
        </test-method> <!-- testApiKeyInQueryParam -->
        <test-method signature="testInvalidCredentials()[pri:7, instance:com.apiframework.tests.AuthTest@21694e53]" started-at="2026-03-30T01:38:54 IST" name="testInvalidCredentials" finished-at="2026-03-30T01:38:54 IST" duration-ms="348" status="PASS">
          <reporter-output>
          </reporter-output>
        </test-method> <!-- testInvalidCredentials -->
      </class> <!-- com.apiframework.tests.AuthTest -->
      <class name="com.apiframework.tests.UserApiTest">
        <test-method is-config="true" signature="setUp()[pri:0, instance:com.apiframework.tests.UserApiTest@64da2a7]" started-at="2026-03-30T01:38:43 IST" name="setUp" finished-at="2026-03-30T01:38:43 IST" duration-ms="556" status="PASS">
          <reporter-output>
          </reporter-output>
        </test-method> <!-- setUp -->
        <test-method signature="testGetAllPosts()[pri:1, instance:com.apiframework.tests.UserApiTest@64da2a7]" started-at="2026-03-30T01:38:43 IST" name="testGetAllPosts" finished-at="2026-03-30T01:38:46 IST" duration-ms="2393" status="PASS">
          <reporter-output>
          </reporter-output>
        </test-method> <!-- testGetAllPosts -->
        <test-method signature="testGetSingePost()[pri:2, instance:com.apiframework.tests.UserApiTest@64da2a7]" started-at="2026-03-30T01:38:46 IST" name="testGetSingePost" finished-at="2026-03-30T01:38:46 IST" duration-ms="398" status="PASS">
          <reporter-output>
          </reporter-output>
        </test-method> <!-- testGetSingePost -->
        <test-method signature="testCreatePost()[pri:3, instance:com.apiframework.tests.UserApiTest@64da2a7]" started-at="2026-03-30T01:38:46 IST" name="testCreatePost" finished-at="2026-03-30T01:38:47 IST" duration-ms="923" status="PASS">
          <reporter-output>
          </reporter-output>
        </test-method> <!-- testCreatePost -->
        <test-method signature="testUpdatePostPut()[pri:4, instance:com.apiframework.tests.UserApiTest@64da2a7]" started-at="2026-03-30T01:38:47 IST" name="testUpdatePostPut" finished-at="2026-03-30T01:38:48 IST" depends-on-methods="com.apiframework.tests.UserApiTest.testCreatePost" duration-ms="795" status="PASS">
          <reporter-output>
          </reporter-output>
        </test-method> <!-- testUpdatePostPut -->
        <test-method signature="testUpdatePostPatch()[pri:5, instance:com.apiframework.tests.UserApiTest@64da2a7]" started-at="2026-03-30T01:38:48 IST" name="testUpdatePostPatch" finished-at="2026-03-30T01:38:48 IST" depends-on-methods="com.apiframework.tests.UserApiTest.testCreatePost" duration-ms="287" status="PASS">
          <reporter-output>
          </reporter-output>
        </test-method> <!-- testUpdatePostPatch -->
        <test-method signature="testDeletePost()[pri:6, instance:com.apiframework.tests.UserApiTest@64da2a7]" started-at="2026-03-30T01:38:48 IST" name="testDeletePost" finished-at="2026-03-30T01:38:49 IST" depends-on-methods="com.apiframework.tests.UserApiTest.testCreatePost" duration-ms="290" status="PASS">
          <reporter-output>
          </reporter-output>
        </test-method> <!-- testDeletePost -->
        <test-method signature="testGetExistentPost()[pri:7, instance:com.apiframework.tests.UserApiTest@64da2a7]" started-at="2026-03-30T01:38:49 IST" name="testGetExistentPost" finished-at="2026-03-30T01:38:49 IST" duration-ms="59" status="PASS">
          <reporter-output>
          </reporter-output>
        </test-method> <!-- testGetExistentPost -->
        <test-method signature="testGetPostByUser()[pri:8, instance:com.apiframework.tests.UserApiTest@64da2a7]" started-at="2026-03-30T01:38:49 IST" name="testGetPostByUser" finished-at="2026-03-30T01:38:49 IST" duration-ms="87" status="PASS">
          <reporter-output>
          </reporter-output>
        </test-method> <!-- testGetPostByUser -->
      </class> <!-- com.apiframework.tests.UserApiTest -->
    </test> <!-- JsonPlaceHolderSample API Tests -->
  </suite> <!-- API Automation Suite -->
</testng-results>
