<?xml version="1.0" encoding="UTF-8"?>
<!-- Generated by org.testng.reporters.JUnitReportReporter -->
<testsuite hostname="Danespc" failures="0" tests="6" name="com.apiframework.tests.DataDrivenTest" time="1.857" errors="0" timestamp="2026-03-30T01:38:54 IST" skipped="0">
  <testcase classname="com.apiframework.tests.DataDrivenTest" name="testCreatePostWithDataProvider" time="0.309"/>
  <testcase classname="com.apiframework.tests.DataDrivenTest" name="testCreatePostWithDataProvider" time="0.321"/>
  <testcase classname="com.apiframework.tests.DataDrivenTest" name="testCreatePostWithDataProvider" time="0.325"/>
  <testcase classname="com.apiframework.tests.DataDrivenTest" name="testCreatePostFromExcel" time="0.295"/>
  <testcase classname="com.apiframework.tests.DataDrivenTest" name="testCreatePostFromExcel" time="0.320"/>
  <testcase classname="com.apiframework.tests.DataDrivenTest" name="testCreatePostFromExcel" time="0.287"/>
</testsuite> <!-- com.apiframework.tests.DataDrivenTest -->
