<?xml version="1.0" encoding="UTF-8"?>
<!-- Generated by org.testng.reporters.JUnitReportReporter -->
<testsuite hostname="Danespc" failures="0" tests="7" name="com.apiframework.tests.AuthTest" time="3.067" errors="0" timestamp="2026-03-30T01:38:55 IST" skipped="0">
  <testcase classname="com.apiframework.tests.AuthTest" name="testLoginAndGetToken" time="1.463"/>
  <testcase classname="com.apiframework.tests.AuthTest" name="testBearerTokenAccess" time="0.851"/>
  <testcase classname="com.apiframework.tests.AuthTest" name="testTokenCaching" time="0.004"/>
  <testcase classname="com.apiframework.tests.AuthTest" name="testBasicAuthHeaderStructure" time="0.004"/>
  <testcase classname="com.apiframework.tests.AuthTest" name="testApiKeyInHeader" time="0.090"/>
  <testcase classname="com.apiframework.tests.AuthTest" name="testApiKeyInQueryParam" time="0.307"/>
  <testcase classname="com.apiframework.tests.AuthTest" name="testInvalidCredentials" time="0.348"/>
</testsuite> <!-- com.apiframework.tests.AuthTest -->
