<?xml version="1.0" encoding="UTF-8"?>
<!-- Generated by org.testng.reporters.JUnitReportReporter -->
<testsuite hostname="Danespc" failures="0" tests="8" name="com.apiframework.tests.UserApiTest" time="5.232" errors="0" timestamp="2026-03-30T01:38:55 IST" skipped="0">
  <testcase classname="com.apiframework.tests.UserApiTest" name="testGetAllPosts" time="2.393"/>
  <testcase classname="com.apiframework.tests.UserApiTest" name="testGetSingePost" time="0.398"/>
  <testcase classname="com.apiframework.tests.UserApiTest" name="testCreatePost" time="0.923"/>
  <testcase classname="com.apiframework.tests.UserApiTest" name="testUpdatePostPut" time="0.795"/>
  <testcase classname="com.apiframework.tests.UserApiTest" name="testUpdatePostPatch" time="0.287"/>
  <testcase classname="com.apiframework.tests.UserApiTest" name="testDeletePost" time="0.290"/>
  <testcase classname="com.apiframework.tests.UserApiTest" name="testGetExistentPost" time="0.059"/>
  <testcase classname="com.apiframework.tests.UserApiTest" name="testGetPostByUser" time="0.087"/>
</testsuite> <!-- com.apiframework.tests.UserApiTest -->
