<?xml version="1.0" encoding="UTF-8"?>
<!-- Generated by org.testng.reporters.JUnitReportReporter -->
<testsuite hostname="Danespc" failures="0" tests="8" name="com.apiframework.tests.UserApiTest" time="7.731" errors="0" timestamp="2026-03-30T03:08:36 IST" skipped="0">
  <testcase classname="com.apiframework.tests.UserApiTest" name="testGetAllPosts" time="4.122"/>
  <testcase classname="com.apiframework.tests.UserApiTest" name="testGetSingePost" time="0.846"/>
  <testcase classname="com.apiframework.tests.UserApiTest" name="testCreatePost" time="1.181"/>
  <testcase classname="com.apiframework.tests.UserApiTest" name="testUpdatePostPut" time="0.841"/>
  <testcase classname="com.apiframework.tests.UserApiTest" name="testUpdatePostPatch" time="0.318"/>
  <testcase classname="com.apiframework.tests.UserApiTest" name="testDeletePost" time="0.276"/>
  <testcase classname="com.apiframework.tests.UserApiTest" name="testGetExistentPost" time="0.069"/>
  <testcase classname="com.apiframework.tests.UserApiTest" name="testGetPostByUser" time="0.078"/>
</testsuite> <!-- com.apiframework.tests.UserApiTest -->
