<?xml version="1.0" encoding="UTF-8"?>
<!-- Generated by org.testng.reporters.JUnitReportReporter -->
<testsuite hostname="Danespc" failures="0" tests="6" name="com.apiframework.tests.DataDrivenTest" time="1.929" errors="0" timestamp="2026-03-30T03:08:37 IST" skipped="0">
  <testcase classname="com.apiframework.tests.DataDrivenTest" name="testCreatePostWithDataProvider" time="0.337"/>
  <testcase classname="com.apiframework.tests.DataDrivenTest" name="testCreatePostWithDataProvider" time="0.316"/>
  <testcase classname="com.apiframework.tests.DataDrivenTest" name="testCreatePostWithDataProvider" time="0.325"/>
  <testcase classname="com.apiframework.tests.DataDrivenTest" name="testCreatePostFromExcel" time="0.298"/>
  <testcase classname="com.apiframework.tests.DataDrivenTest" name="testCreatePostFromExcel" time="0.320"/>
  <testcase classname="com.apiframework.tests.DataDrivenTest" name="testCreatePostFromExcel" time="0.333"/>
</testsuite> <!-- com.apiframework.tests.DataDrivenTest -->
