<?xml version="1.0" encoding="UTF-8"?>
<!-- Generated by org.testng.reporters.JUnitReportReporter -->
<testsuite hostname="Danespc" failures="0" tests="7" name="com.apiframework.tests.AuthTest" time="2.891" errors="0" timestamp="2026-03-30T03:08:36 IST" skipped="0">
  <testcase classname="com.apiframework.tests.AuthTest" name="testLoginAndGetToken" time="1.341"/>
  <testcase classname="com.apiframework.tests.AuthTest" name="testBearerTokenAccess" time="0.951"/>
  <testcase classname="com.apiframework.tests.AuthTest" name="testTokenCaching" time="0.006"/>
  <testcase classname="com.apiframework.tests.AuthTest" name="testBasicAuthHeaderStructure" time="0.007"/>
  <testcase classname="com.apiframework.tests.AuthTest" name="testApiKeyInHeader" time="0.103"/>
  <testcase classname="com.apiframework.tests.AuthTest" name="testApiKeyInQueryParam" time="0.112"/>
  <testcase classname="com.apiframework.tests.AuthTest" name="testInvalidCredentials" time="0.371"/>
</testsuite> <!-- com.apiframework.tests.AuthTest -->
